<?xml version="1.0" encoding="UTF-8"?>
<!-- Generated by org.testng.reporters.JUnitReportReporter -->
<testsuite hostname="Dell" failures="0" tests="1" name="testNG.TestNgJava" time="0.025" errors="0" timestamp="2024-01-27T09:49:57 EST" skipped="0">
  <testcase classname="testNG.TestNgJava" name="google" time="0.025"/>
</testsuite> <!-- testNG.TestNgJava -->
