<?xml version="1.0" encoding="UTF-8"?>
<!-- Generated by org.testng.reporters.JUnitReportReporter -->
<testsuite hostname="Dell" failures="0" tests="1" name="seleniumDemo.CreateAccount" time="7.441" errors="0" timestamp="2024-02-10T12:49:29 EST" skipped="0">
  <testcase classname="seleniumDemo.CreateAccount" name="createAccount" time="7.441"/>
</testsuite> <!-- seleniumDemo.CreateAccount -->
